<?xml version="1.0" encoding="UTF-8"?>
<!-- Generated by org.testng.reporters.JUnitReportReporter -->
<testsuite hostname="BhosaleA" failures="0" tests="1" name="flight_project2.TC12_Domestiround" time="11.153" errors="0" timestamp="2025-03-08T08:42:26 IST" skipped="0">
  <testcase classname="flight_project2.TC12_Domestiround" name="domesticRound" time="11.153">
    <system-out>
      <![CDATA[success]]>
    </system-out>
  </testcase> <!-- domesticRound -->
  <system-out>
    <![CDATA[success
success
success
success
success
fail
fail
success
fail
success
success
success
fail]]>
  </system-out>
</testsuite> <!-- flight_project2.TC12_Domestiround -->
