<?xml version="1.0" encoding="UTF-8"?>
<!-- Generated by org.testng.reporters.JUnitReportReporter -->
<testsuite hostname="BhosaleA" failures="0" tests="1" name="flight_project2.TC02_InvalidCred" time="4.720" errors="0" timestamp="2025-03-08T08:42:26 IST" skipped="0">
  <testcase classname="flight_project2.TC02_InvalidCred" name="invalid" time="4.720">
    <system-out>
      <![CDATA[success]]>
    </system-out>
  </testcase> <!-- invalid -->
  <system-out>
    <![CDATA[success
success
success
success
success
fail
fail
success
fail
success
success
success
fail]]>
  </system-out>
</testsuite> <!-- flight_project2.TC02_InvalidCred -->
